<?xml version="1.0" encoding="UTF-8"?>
<testng-results skipped="0" failed="0" ignored="0" total="1" passed="1">
  <reporter-output>
  </reporter-output>
  <suite name="Suite" duration-ms="2856" started-at="2021-10-29T21:38:34Z" finished-at="2021-10-29T21:38:37Z">
    <groups>
    </groups>
    <test name="Test" duration-ms="2856" started-at="2021-10-29T21:38:34Z" finished-at="2021-10-29T21:38:37Z">
      <class name="testing.NewTest">
        <test-method status="PASS" signature="setUp()[pri:0, instance:testing.NewTest@68837a77]" name="setUp" is-config="true" duration-ms="1336" started-at="2021-10-29T21:38:35Z" finished-at="2021-10-29T21:38:36Z">
          <reporter-output>
          </reporter-output>
        </test-method> <!-- setUp -->
        <test-method status="PASS" signature="testEasy()[pri:0, instance:testing.NewTest@68837a77]" name="testEasy" duration-ms="1502" started-at="2021-10-29T21:38:36Z" finished-at="2021-10-29T21:38:37Z">
          <reporter-output>
          </reporter-output>
        </test-method> <!-- testEasy -->
        <test-method status="PASS" signature="tearDown()[pri:0, instance:testing.NewTest@68837a77]" name="tearDown" is-config="true" duration-ms="2" started-at="2021-10-29T21:38:37Z" finished-at="2021-10-29T21:38:37Z">
          <reporter-output>
          </reporter-output>
        </test-method> <!-- tearDown -->
      </class> <!-- testing.NewTest -->
    </test> <!-- Test -->
  </suite> <!-- Suite -->
</testng-results>
